Line 13: Property Icon in frmMain had an invalid file reference.
Line 83: Property Picture in Segment6 had an invalid file reference.
Line 92: Property Picture in Segment6 had an invalid file reference.
Line 101: Property Picture in Segment5 had an invalid file reference.
Line 110: Property Picture in Segment5 had an invalid file reference.
Line 119: Property Picture in Segment0 had an invalid file reference.
Line 128: Property Picture in Segment0 had an invalid file reference.
Line 137: Property Picture in Segment3 had an invalid file reference.
Line 146: Property Picture in Segment3 had an invalid file reference.
Line 155: Property Picture in Segment2 had an invalid file reference.
Line 164: Property Picture in Segment2 had an invalid file reference.
Line 173: Property Picture in Segment1 had an invalid file reference.
Line 182: Property Picture in Segment1 had an invalid file reference.
Line 191: Property Picture in Segment4 had an invalid file reference.
Line 200: Property Picture in Segment4 had an invalid file reference.
Line 209: Property Picture in Segment6 had an invalid file reference.
Line 218: Property Picture in Segment6 had an invalid file reference.
Line 227: Property Picture in Segment6 had an invalid file reference.
Line 236: Property Picture in Segment6 had an invalid file reference.
Line 245: Property Picture in Segment5 had an invalid file reference.
Line 254: Property Picture in Segment5 had an invalid file reference.
Line 263: Property Picture in Segment5 had an invalid file reference.
Line 272: Property Picture in Segment5 had an invalid file reference.
Line 281: Property Picture in Segment4 had an invalid file reference.
Line 290: Property Picture in Segment4 had an invalid file reference.
Line 299: Property Picture in Segment4 had an invalid file reference.
Line 308: Property Picture in Segment0 had an invalid file reference.
Line 317: Property Picture in Segment0 had an invalid file reference.
Line 326: Property Picture in Segment0 had an invalid file reference.
Line 335: Property Picture in Segment0 had an invalid file reference.
Line 344: Property Picture in Segment3 had an invalid file reference.
Line 353: Property Picture in Segment3 had an invalid file reference.
Line 362: Property Picture in Segment3 had an invalid file reference.
Line 371: Property Picture in Segment2 had an invalid file reference.
Line 380: Property Picture in Segment2 had an invalid file reference.
Line 389: Property Picture in Segment2 had an invalid file reference.
Line 398: Property Picture in Segment1 had an invalid file reference.
Line 407: Property Picture in Segment1 had an invalid file reference.
Line 416: Property Picture in Segment1 had an invalid file reference.
Line 425: Property Picture in Segment4 had an invalid file reference.
Line 434: Property Picture in Segment3 had an invalid file reference.
Line 443: Property Picture in Segment2 had an invalid file reference.
Line 452: Property Picture in Segment1 had an invalid file reference.
Line 461: Property Picture in Seven had an invalid file reference.
Line 471: Property Picture in Seven had an invalid file reference.
Line 481: Property Picture in Seven had an invalid file reference.
Line 491: Property Picture in Seven had an invalid file reference.
Line 501: Property Picture in Seven had an invalid file reference.
Line 512: Property Picture in Seven had an invalid file reference.
Line 530: Property ItemData in cboDo had an invalid file reference.
Line 532: Property List in cboDo had an invalid file reference.
Line 712: Property Picture in imgIcon had an invalid file reference.
Line 720: Property Picture in TitleBar had an invalid file reference.
Line 728: Property Picture in imgZingoff had an invalid file reference.
Line 737: Property Picture in imgQuit had an invalid file reference.
Line 841: Property Picture in BG had an invalid file reference.
Line 13: Property Icon in frmMain had an invalid file reference.
Line 83: Property Picture in Segment6 had an invalid file reference.
Line 92: Property Picture in Segment6 had an invalid file reference.
Line 101: Property Picture in Segment5 had an invalid file reference.
Line 110: Property Picture in Segment5 had an invalid file reference.
Line 119: Property Picture in Segment0 had an invalid file reference.
Line 128: Property Picture in Segment0 had an invalid file reference.
Line 137: Property Picture in Segment3 had an invalid file reference.
Line 146: Property Picture in Segment3 had an invalid file reference.
Line 155: Property Picture in Segment2 had an invalid file reference.
Line 164: Property Picture in Segment2 had an invalid file reference.
Line 173: Property Picture in Segment1 had an invalid file reference.
Line 182: Property Picture in Segment1 had an invalid file reference.
Line 191: Property Picture in Segment4 had an invalid file reference.
Line 200: Property Picture in Segment4 had an invalid file reference.
Line 209: Property Picture in Segment6 had an invalid file reference.
Line 218: Property Picture in Segment6 had an invalid file reference.
Line 227: Property Picture in Segment6 had an invalid file reference.
Line 236: Property Picture in Segment6 had an invalid file reference.
Line 245: Property Picture in Segment5 had an invalid file reference.
Line 254: Property Picture in Segment5 had an invalid file reference.
Line 263: Property Picture in Segment5 had an invalid file reference.
Line 272: Property Picture in Segment5 had an invalid file reference.
Line 281: Property Picture in Segment4 had an invalid file reference.
Line 290: Property Picture in Segment4 had an invalid file reference.
Line 299: Property Picture in Segment4 had an invalid file reference.
Line 308: Property Picture in Segment0 had an invalid file reference.
Line 317: Property Picture in Segment0 had an invalid file reference.
Line 326: Property Picture in Segment0 had an invalid file reference.
Line 335: Property Picture in Segment0 had an invalid file reference.
Line 344: Property Picture in Segment3 had an invalid file reference.
Line 353: Property Picture in Segment3 had an invalid file reference.
Line 362: Property Picture in Segment3 had an invalid file reference.
Line 371: Property Picture in Segment2 had an invalid file reference.
Line 380: Property Picture in Segment2 had an invalid file reference.
Line 389: Property Picture in Segment2 had an invalid file reference.
Line 398: Property Picture in Segment1 had an invalid file reference.
Line 407: Property Picture in Segment1 had an invalid file reference.
Line 416: Property Picture in Segment1 had an invalid file reference.
Line 425: Property Picture in Segment4 had an invalid file reference.
Line 434: Property Picture in Segment3 had an invalid file reference.
Line 443: Property Picture in Segment2 had an invalid file reference.
Line 452: Property Picture in Segment1 had an invalid file reference.
Line 461: Property Picture in Seven had an invalid file reference.
Line 471: Property Picture in Seven had an invalid file reference.
Line 481: Property Picture in Seven had an invalid file reference.
Line 491: Property Picture in Seven had an invalid file reference.
Line 501: Property Picture in Seven had an invalid file reference.
Line 512: Property Picture in Seven had an invalid file reference.
Line 530: Property ItemData in cboDo had an invalid file reference.
Line 532: Property List in cboDo had an invalid file reference.
Line 712: Property Picture in imgIcon had an invalid file reference.
Line 720: Property Picture in TitleBar had an invalid file reference.
Line 728: Property Picture in imgZingoff had an invalid file reference.
Line 737: Property Picture in imgQuit had an invalid file reference.
Line 841: Property Picture in BG had an invalid file reference.
